<?xml version="1.0" encoding="UTF-8"?>
<!-- Generated by org.testng.reporters.JUnitXMLReporter -->
<testsuite hostname="DESKTOP-R0GNJAC" ignored="4" name="Default test" tests="1" failures="0" timestamp="11 Oct 2020 09:08:16 GMT" time="33.404" errors="0">
  <testcase name="verifyAltEmailTextTest" time="0.078" classname="com.qa.hubspot.test.ContactPageTest"/>
  <testcase name="verifyCreateContactNoTest" time="0.0" classname="com.qa.hubspot.test.ContactPageTest">
    <ignored/>
  </testcase> <!-- verifyCreateContactNoTest -->
  <testcase name="verifyAddressTitleTextTest" time="0.0" classname="com.qa.hubspot.test.ContactPageTest">
    <ignored/>
  </testcase> <!-- verifyAddressTitleTextTest -->
  <testcase name="verifyContactPageInfoTest" time="0.0" classname="com.qa.hubspot.test.ContactPageTest">
    <ignored/>
  </testcase> <!-- verifyContactPageInfoTest -->
  <testcase name="verifyCreateContactWithMandatoryDetailTest" time="0.0" classname="com.qa.hubspot.test.ContactPageTest">
    <ignored/>
  </testcase> <!-- verifyCreateContactWithMandatoryDetailTest -->
</testsuite> <!-- Default test -->
