<?xml version="1.0" encoding="UTF-8"?>
<!-- Generated by org.testng.reporters.JUnitXMLReporter -->
<testsuite hostname="DESKTOP-R0GNJAC" ignored="1" name="contactPage Tests" tests="4" failures="0" timestamp="11 Oct 2020 09:11:20 GMT" time="49.188" errors="0">
  <testcase name="verifyContactPageInfoTest" time="5.128" classname="com.qa.hubspot.test.ContactPageTest"/>
  <testcase name="verifyAddressTitleTextTest" time="0.052" classname="com.qa.hubspot.test.ContactPageTest"/>
  <testcase name="verifyAltEmailTextTest" time="0.036" classname="com.qa.hubspot.test.ContactPageTest"/>
  <testcase name="verifyCreateContactWithMandatoryDetailTest" time="13.778" classname="com.qa.hubspot.test.ContactPageTest"/>
  <testcase name="verifyCreateContactNoTest" time="0.0" classname="com.qa.hubspot.test.ContactPageTest">
    <ignored/>
  </testcase> <!-- verifyCreateContactNoTest -->
</testsuite> <!-- contactPage Tests -->
