<?xml version="1.0" encoding="UTF-8"?>
<!-- Generated by org.testng.reporters.JUnitXMLReporter -->
<testsuite hostname="DESKTOP-R0GNJAC" ignored="0" name="homePage Tests" tests="4" failures="0" timestamp="11 Oct 2020 09:10:31 GMT" time="30.891" errors="0">
  <testcase name="verifyHomePageTitle" time="0.118" classname="com.qa.hubspot.test.HomePageTest"/>
  <testcase name="verifyHomePageHeader" time="3.101" classname="com.qa.hubspot.test.HomePageTest"/>
  <testcase name="verifyLoggedInUserTest" time="3.398" classname="com.qa.hubspot.test.HomePageTest"/>
  <testcase name="verifyLogoNameTest" time="0.057" classname="com.qa.hubspot.test.HomePageTest"/>
</testsuite> <!-- homePage Tests -->
