<?xml version="1.0" encoding="UTF-8"?>
<!-- Generated by org.testng.reporters.JUnitXMLReporter -->
<testsuite hostname="DESKTOP-R0GNJAC" ignored="0" name="login Tests" tests="3" failures="0" timestamp="11 Oct 2020 09:10:00 GMT" time="27.097" errors="0">
  <testcase name="verifySignUpLinkTest" time="1.667" classname="com.qa.hubspot.test.LoginPageTest"/>
  <testcase name="verifyLoginPageTitleTest" time="0.088" classname="com.qa.hubspot.test.LoginPageTest"/>
  <testcase name="verifyloginTest" time="11.452" classname="com.qa.hubspot.test.LoginPageTest"/>
</testsuite> <!-- login Tests -->
