<?xml version="1.0" encoding="UTF-8"?>
<testsuite xmlns:xsi="http://www.w3.org/2001/XMLSchema-instance" xsi:noNamespaceSchemaLocation="https://maven.apache.org/surefire/maven-surefire-plugin/xsd/surefire-test-report.xsd" name="TestSuite" time="111.082" tests="11" errors="0" skipped="0" failures="0">
  <properties>
[...]
</properties>
  <testcase name="verifySignUpLinkTest" classname="com.qa.hubspot.test.LoginPageTest" time="1.618"/>
  <testcase name="verifyLoginPageTitleTest" classname="com.qa.hubspot.test.LoginPageTest" time="0.113"/>
  <testcase name="verifyloginTest" classname="com.qa.hubspot.test.LoginPageTest" time="11.435"/>
  <testcase name="verifyHomePageTitle" classname="com.qa.hubspot.test.HomePageTest" time="0.118"/>
  <testcase name="verifyHomePageHeader" classname="com.qa.hubspot.test.HomePageTest" time="3.103"/>
  <testcase name="verifyLoggedInUserTest" classname="com.qa.hubspot.test.HomePageTest" time="3.779"/>
  <testcase name="verifyLogoNameTest" classname="com.qa.hubspot.test.HomePageTest" time="0.045"/>
  <testcase name="verifyContactPageInfoTest" classname="com.qa.hubspot.test.ContactPageTest" time="5.118"/>
  <testcase name="verifyAddressTitleTextTest" classname="com.qa.hubspot.test.ContactPageTest" time="0.048"/>
  <testcase name="verifyAltEmailTextTest" classname="com.qa.hubspot.test.ContactPageTest" time="0.039"/>
  <testcase name="verifyCreateContactWithMandatoryDetailTest" classname="com.qa.hubspot.test.ContactPageTest" time="13.831"/>
</testsuite>